-------------------------------------------------------------------------------
Test set: com.traineeManager.traineeManager.TraineeManagerApplicationTests
-------------------------------------------------------------------------------
Tests run: 1, Failures: 0, Errors: 1, Skipped: 0, Time elapsed: 0.375 s <<< FAILURE! - in com.traineeManager.traineeManager.TraineeManagerApplicationTests
com.traineeManager.traineeManager.TraineeManagerApplicationTests  Time elapsed: 0.374 s  <<< ERROR!
java.lang.IllegalStateException: Unable to find a @SpringBootConfiguration, you need to use @ContextConfiguration or @SpringBootTest(classes=...) with your test

